bar:  -100
attack success rate:  0.9515418502202643
clean acc:  0.8932305998899285
robust acc:  0.048458149779735685
*****************************************************************************************
bar:  -99
attack success rate:  0.9515418502202643
clean acc:  0.8937809576224546
robust acc:  0.048458149779735685
*****************************************************************************************
bar:  -98
attack success rate:  0.9515418502202643
clean acc:  0.8937809576224546
robust acc:  0.048458149779735685
*****************************************************************************************
bar:  -97
attack success rate:  0.9526431718061674
clean acc:  0.8937809576224546
robust acc:  0.0473568281938326
*****************************************************************************************
bar:  -96
attack success rate:  0.9526431718061674
clean acc:  0.8932305998899285
robust acc:  0.0473568281938326
*****************************************************************************************
bar:  -95
attack success rate:  0.9515418502202643
clean acc:  0.8932305998899285
robust acc:  0.048458149779735685
*****************************************************************************************
bar:  -94
attack success rate:  0.9515418502202643
clean acc:  0.8932305998899285
robust acc:  0.048458149779735685
*****************************************************************************************
bar:  -93
attack success rate:  0.9515418502202643
clean acc:  0.8926802421574023
robust acc:  0.048458149779735685
*****************************************************************************************
bar:  -92
attack success rate:  0.9515418502202643
clean acc:  0.8932305998899285
robust acc:  0.048458149779735685
*****************************************************************************************
bar:  -91
attack success rate:  0.9515418502202643
clean acc:  0.8915795266923501
robust acc:  0.048458149779735685
*****************************************************************************************
bar:  -90
attack success rate:  0.9515418502202643
clean acc:  0.8915795266923501
robust acc:  0.048458149779735685
*****************************************************************************************
bar:  -89
attack success rate:  0.9515418502202643
clean acc:  0.8915795266923501
robust acc:  0.048458149779735685
*****************************************************************************************
bar:  -88
attack success rate:  0.9515418502202643
clean acc:  0.8915795266923501
robust acc:  0.048458149779735685
*****************************************************************************************
bar:  -87
attack success rate:  0.9515418502202643
clean acc:  0.8915795266923501
robust acc:  0.048458149779735685
*****************************************************************************************
bar:  -86
attack success rate:  0.9515418502202643
clean acc:  0.8921298844248762
robust acc:  0.048458149779735685
*****************************************************************************************
bar:  -85
attack success rate:  0.9515418502202643
clean acc:  0.8926802421574023
robust acc:  0.048458149779735685
*****************************************************************************************
bar:  -84
attack success rate:  0.9515418502202643
clean acc:  0.8926802421574023
robust acc:  0.048458149779735685
*****************************************************************************************
bar:  -83
attack success rate:  0.9515418502202643
clean acc:  0.8926802421574023
robust acc:  0.048458149779735685
*****************************************************************************************
bar:  -82
attack success rate:  0.9515418502202643
clean acc:  0.8926802421574023
robust acc:  0.048458149779735685
*****************************************************************************************
bar:  -81
attack success rate:  0.9515418502202643
clean acc:  0.8926802421574023
robust acc:  0.048458149779735685
*****************************************************************************************
bar:  -80
attack success rate:  0.9515418502202643
clean acc:  0.8926802421574023
robust acc:  0.048458149779735685
*****************************************************************************************
bar:  -79
attack success rate:  0.9515418502202643
clean acc:  0.8926802421574023
robust acc:  0.048458149779735685
*****************************************************************************************
bar:  -78
attack success rate:  0.9515418502202643
clean acc:  0.8926802421574023
robust acc:  0.048458149779735685
*****************************************************************************************
bar:  -77
attack success rate:  0.9526431718061674
clean acc:  0.8926802421574023
robust acc:  0.0473568281938326
*****************************************************************************************
bar:  -76
attack success rate:  0.9526431718061674
clean acc:  0.8926802421574023
robust acc:  0.0473568281938326
*****************************************************************************************
bar:  -75
attack success rate:  0.9526431718061674
clean acc:  0.8926802421574023
robust acc:  0.0473568281938326
*****************************************************************************************
bar:  -74
attack success rate:  0.9526431718061674
clean acc:  0.8926802421574023
robust acc:  0.0473568281938326
*****************************************************************************************
bar:  -73
attack success rate:  0.9526431718061674
clean acc:  0.8921298844248762
robust acc:  0.0473568281938326
*****************************************************************************************
bar:  -72
attack success rate:  0.9504405286343612
clean acc:  0.8921298844248762
robust acc:  0.04955947136563876
*****************************************************************************************
bar:  -71
attack success rate:  0.9493392070484582
clean acc:  0.8921298844248762
robust acc:  0.05066079295154185
*****************************************************************************************
bar:  -70
attack success rate:  0.9493392070484582
clean acc:  0.8921298844248762
robust acc:  0.05066079295154185
*****************************************************************************************
bar:  -69
attack success rate:  0.9493392070484582
clean acc:  0.8921298844248762
robust acc:  0.05066079295154185
*****************************************************************************************
bar:  -68
attack success rate:  0.9493392070484582
clean acc:  0.8921298844248762
robust acc:  0.05066079295154185
*****************************************************************************************
bar:  -67
attack success rate:  0.9493392070484582
clean acc:  0.8921298844248762
robust acc:  0.05066079295154185
*****************************************************************************************
bar:  -66
attack success rate:  0.9493392070484582
clean acc:  0.8915795266923501
robust acc:  0.05066079295154185
*****************************************************************************************
bar:  -65
attack success rate:  0.9493392070484582
clean acc:  0.8915795266923501
robust acc:  0.05066079295154185
*****************************************************************************************
bar:  -64
attack success rate:  0.9493392070484582
clean acc:  0.8915795266923501
robust acc:  0.05066079295154185
*****************************************************************************************
bar:  -63
attack success rate:  0.9493392070484582
clean acc:  0.8915795266923501
robust acc:  0.05066079295154185
*****************************************************************************************
bar:  -62
attack success rate:  0.9493392070484582
clean acc:  0.8915795266923501
robust acc:  0.05066079295154185
*****************************************************************************************
bar:  -61
attack success rate:  0.9493392070484582
clean acc:  0.8915795266923501
robust acc:  0.05066079295154185
*****************************************************************************************
bar:  -60
attack success rate:  0.9493392070484582
clean acc:  0.8915795266923501
robust acc:  0.05066079295154185
*****************************************************************************************
bar:  -59
attack success rate:  0.948237885462555
clean acc:  0.8910291689598239
robust acc:  0.051762114537444934
*****************************************************************************************
bar:  -58
attack success rate:  0.948237885462555
clean acc:  0.8910291689598239
robust acc:  0.051762114537444934
*****************************************************************************************
bar:  -57
attack success rate:  0.947136563876652
clean acc:  0.8910291689598239
robust acc:  0.05286343612334802
*****************************************************************************************
bar:  -56
attack success rate:  0.947136563876652
clean acc:  0.8904788112272978
robust acc:  0.05286343612334802
*****************************************************************************************
bar:  -55
attack success rate:  0.947136563876652
clean acc:  0.8904788112272978
robust acc:  0.05286343612334802
*****************************************************************************************
bar:  -54
attack success rate:  0.947136563876652
clean acc:  0.8904788112272978
robust acc:  0.05286343612334802
*****************************************************************************************
bar:  -53
attack success rate:  0.947136563876652
clean acc:  0.8910291689598239
robust acc:  0.05286343612334802
*****************************************************************************************
bar:  -52
attack success rate:  0.947136563876652
clean acc:  0.8899284534947716
robust acc:  0.05286343612334802
*****************************************************************************************
bar:  -51
attack success rate:  0.9493392070484582
clean acc:  0.8899284534947716
robust acc:  0.05066079295154185
*****************************************************************************************
bar:  -50
attack success rate:  0.9493392070484582
clean acc:  0.8899284534947716
robust acc:  0.05066079295154185
*****************************************************************************************
bar:  -49
attack success rate:  0.9493392070484582
clean acc:  0.8888277380297194
robust acc:  0.05066079295154185
*****************************************************************************************
bar:  -48
attack success rate:  0.9493392070484582
clean acc:  0.8877270225646671
robust acc:  0.05066079295154185
*****************************************************************************************
bar:  -47
attack success rate:  0.9493392070484582
clean acc:  0.8866263070996148
robust acc:  0.05066079295154185
*****************************************************************************************
bar:  -46
attack success rate:  0.9493392070484582
clean acc:  0.8855255916345625
robust acc:  0.05066079295154185
*****************************************************************************************
bar:  -45
attack success rate:  0.948237885462555
clean acc:  0.8860759493670886
robust acc:  0.051762114537444934
*****************************************************************************************
bar:  -44
attack success rate:  0.948237885462555
clean acc:  0.8855255916345625
robust acc:  0.051762114537444934
*****************************************************************************************
bar:  -43
attack success rate:  0.948237885462555
clean acc:  0.8855255916345625
robust acc:  0.051762114537444934
*****************************************************************************************
bar:  -42
attack success rate:  0.947136563876652
clean acc:  0.8855255916345625
robust acc:  0.05286343612334802
*****************************************************************************************
bar:  -41
attack success rate:  0.948237885462555
clean acc:  0.8855255916345625
robust acc:  0.051762114537444934
*****************************************************************************************
bar:  -40
attack success rate:  0.948237885462555
clean acc:  0.8849752339020364
robust acc:  0.051762114537444934
*****************************************************************************************
bar:  -39
attack success rate:  0.948237885462555
clean acc:  0.8844248761695102
robust acc:  0.051762114537444934
*****************************************************************************************
bar:  -38
attack success rate:  0.948237885462555
clean acc:  0.8844248761695102
robust acc:  0.051762114537444934
*****************************************************************************************
bar:  -37
attack success rate:  0.947136563876652
clean acc:  0.8838745184369841
robust acc:  0.05286343612334802
*****************************************************************************************
bar:  -36
attack success rate:  0.947136563876652
clean acc:  0.8838745184369841
robust acc:  0.05286343612334802
*****************************************************************************************
bar:  -35
attack success rate:  0.947136563876652
clean acc:  0.8844248761695102
robust acc:  0.05286343612334802
*****************************************************************************************
bar:  -34
attack success rate:  0.948237885462555
clean acc:  0.8838745184369841
robust acc:  0.051762114537444934
*****************************************************************************************
bar:  -33
attack success rate:  0.948237885462555
clean acc:  0.8833241607044579
robust acc:  0.051762114537444934
*****************************************************************************************
bar:  -32
attack success rate:  0.948237885462555
clean acc:  0.8822234452394057
robust acc:  0.051762114537444934
*****************************************************************************************
bar:  -31
attack success rate:  0.948237885462555
clean acc:  0.8827738029719318
robust acc:  0.051762114537444934
*****************************************************************************************
bar:  -30
attack success rate:  0.947136563876652
clean acc:  0.8833241607044579
robust acc:  0.05286343612334802
*****************************************************************************************
bar:  -29
attack success rate:  0.948237885462555
clean acc:  0.8833241607044579
robust acc:  0.051762114537444934
*****************************************************************************************
bar:  -28
attack success rate:  0.948237885462555
clean acc:  0.8827738029719318
robust acc:  0.051762114537444934
*****************************************************************************************
bar:  -27
attack success rate:  0.948237885462555
clean acc:  0.8827738029719318
robust acc:  0.051762114537444934
*****************************************************************************************
bar:  -26
attack success rate:  0.948237885462555
clean acc:  0.8822234452394057
robust acc:  0.051762114537444934
*****************************************************************************************
bar:  -25
attack success rate:  0.948237885462555
clean acc:  0.8822234452394057
robust acc:  0.051762114537444934
*****************************************************************************************
bar:  -24
attack success rate:  0.948237885462555
clean acc:  0.8827738029719318
robust acc:  0.051762114537444934
*****************************************************************************************
bar:  -23
attack success rate:  0.948237885462555
clean acc:  0.8822234452394057
robust acc:  0.051762114537444934
*****************************************************************************************
bar:  -22
attack success rate:  0.9460352422907489
clean acc:  0.8827738029719318
robust acc:  0.053964757709251104
*****************************************************************************************
bar:  -21
attack success rate:  0.9460352422907489
clean acc:  0.880022014309301
robust acc:  0.053964757709251104
*****************************************************************************************
bar:  -20
attack success rate:  0.9449339207048458
clean acc:  0.880022014309301
robust acc:  0.05506607929515418
*****************************************************************************************
bar:  -19
attack success rate:  0.9449339207048458
clean acc:  0.879471656576775
robust acc:  0.05506607929515418
*****************************************************************************************
bar:  -18
attack success rate:  0.9449339207048458
clean acc:  0.879471656576775
robust acc:  0.05506607929515418
*****************************************************************************************
bar:  -17
attack success rate:  0.9449339207048458
clean acc:  0.879471656576775
robust acc:  0.05506607929515418
*****************************************************************************************
bar:  -16
attack success rate:  0.9438325991189427
clean acc:  0.8767198679141442
robust acc:  0.05616740088105727
*****************************************************************************************
bar:  -15
attack success rate:  0.9416299559471366
clean acc:  0.8750687947165657
robust acc:  0.05837004405286344
*****************************************************************************************
bar:  -14
attack success rate:  0.9372246696035242
clean acc:  0.8745184369840396
robust acc:  0.06277533039647577
*****************************************************************************************
bar:  -13
attack success rate:  0.9361233480176211
clean acc:  0.8745184369840396
robust acc:  0.06387665198237885
*****************************************************************************************
bar:  -12
attack success rate:  0.9361233480176211
clean acc:  0.8739680792515134
robust acc:  0.06387665198237885
*****************************************************************************************
bar:  -11
attack success rate:  0.9383259911894273
clean acc:  0.8734177215189873
robust acc:  0.06167400881057269
*****************************************************************************************
bar:  -10
attack success rate:  0.9361233480176211
clean acc:  0.8739680792515134
robust acc:  0.06387665198237885
*****************************************************************************************
bar:  -9
attack success rate:  0.9372246696035242
clean acc:  0.872317006053935
robust acc:  0.06277533039647577
*****************************************************************************************
bar:  -8
attack success rate:  0.9383259911894273
clean acc:  0.8706659328563566
robust acc:  0.06167400881057269
*****************************************************************************************
bar:  -7
attack success rate:  0.9372246696035242
clean acc:  0.8690148596587782
robust acc:  0.06277533039647577
*****************************************************************************************
bar:  -6
attack success rate:  0.9372246696035242
clean acc:  0.8673637864611998
robust acc:  0.06277533039647577
*****************************************************************************************
bar:  -5
attack success rate:  0.9361233480176211
clean acc:  0.8646119977985691
robust acc:  0.06387665198237885
*****************************************************************************************
bar:  -4
attack success rate:  0.933920704845815
clean acc:  0.8629609246009906
robust acc:  0.06607929515418502
*****************************************************************************************
bar:  -3
attack success rate:  0.9328193832599119
clean acc:  0.8602091359383599
robust acc:  0.0671806167400881
*****************************************************************************************
bar:  -2
attack success rate:  0.9317180616740088
clean acc:  0.8602091359383599
robust acc:  0.06828193832599119
*****************************************************************************************
bar:  -1
attack success rate:  0.9306167400881057
clean acc:  0.8585580627407815
robust acc:  0.06938325991189427
*****************************************************************************************
